<?xml version="1.0" encoding="UTF-8"?>
<testsuite xmlns:xsi="http://www.w3.org/2001/XMLSchema-instance" xsi:noNamespaceSchemaLocation="https://maven.apache.org/surefire/maven-surefire-plugin/xsd/surefire-test-report.xsd" version="3.0.2" name="com.rexgen.integration.IntegrationApplicationTests" time="1.859" tests="1" errors="0" skipped="0" failures="0">
  <properties>
[...]
</properties>
  <testcase name="contextLoads" classname="com.rexgen.integration.IntegrationApplicationTests" time="0.789">
    <system-out><![CDATA[23:20:53.449 [main] INFO org.springframework.test.context.support.AnnotationConfigContextLoaderUtils -- Could not detect default configuration classes for test class [com.rexgen.integration.IntegrationApplicationTests]: IntegrationApplicationTests does not declare any static, non-private, non-final, nested classes annotated with @Configuration.
23:20:53.564 [main] INFO org.springframework.boot.test.context.SpringBootTestContextBootstrapper -- Found @SpringBootConfiguration com.rexgen.integration.IntegrationApplication for test class com.rexgen.integration.IntegrationApplicationTests

  .   ____          _            __ _ _
 /\\ / ___'_ __ _ _(_)_ __  __ _ \ \ \ \
( ( )\___ | '_ | '_| | '_ \/ _` | \ \ \ \
 \\/  ___)| |_)| | | | | || (_| |  ) ) ) )
  '  |____| .__|_| |_|_| |_\__, | / / / /
 =========|_|==============|___/=/_/_/_/

 :: Spring Boot ::                (v3.4.5)

2025-05-17T23:20:53.970+09:00  INFO 30952 --- [integration] [           main] c.r.i.IntegrationApplicationTests        : Starting IntegrationApplicationTests using Java 17.0.10 with PID 30952 (started by gowns in C:\Users\gowns\Desktop\Java\jenkins_integration\integration)
2025-05-17T23:20:53.971+09:00  INFO 30952 --- [integration] [           main] c.r.i.IntegrationApplicationTests        : No active profile set, falling back to 1 default profile: "default"
2025-05-17T23:20:54.350+09:00  INFO 30952 --- [integration] [           main] c.r.i.IntegrationApplicationTests        : Started IntegrationApplicationTests in 0.64 seconds (process running for 1.51)
]]></system-out>
  </testcase>
</testsuite>